[admin.pixelstrap.com/zeta/theme/index.html]
[backblue.gif]
[fade.gif]
[index.html]
[admin.pixelstrap.com/zeta/assets/images/logo/favicon-icon.png]
[admin.pixelstrap.com/zeta/assets/images/logo/logo.png]
[admin.pixelstrap.com/zeta/theme/cart.html]
[admin.pixelstrap.com/zeta/assets/images/banner-1.jpg]
[admin.pixelstrap.com/zeta/theme/product.html]
[admin.pixelstrap.com/zeta/assets/images/product-4.png]
[admin.pixelstrap.com/zeta/assets/images/product-6.jpg]
[admin.pixelstrap.com/zeta/theme/checkout.html]
[admin.pixelstrap.com/zeta/theme/base-input.html]
[admin.pixelstrap.com/zeta/theme/user-profile.html]
[admin.pixelstrap.com/zeta/theme/datatable-basic-init.html]
[admin.pixelstrap.com/zeta/assets/images/avtar/man.png]
[admin.pixelstrap.com/zeta/assets/images/avtar/teacher.png]
[admin.pixelstrap.com/zeta/assets/images/avtar/teenager.png]
[admin.pixelstrap.com/zeta/assets/images/avtar/chinese.png]
[admin.pixelstrap.com/zeta/theme/email-application.html]
[admin.pixelstrap.com/zeta/theme/kanban.html]
[admin.pixelstrap.com/zeta/theme/edit-profile.html]
[admin.pixelstrap.com/zeta/theme/login.html]
[admin.pixelstrap.com/zeta/assets/images/logo/small-logo.png]
[admin.pixelstrap.com/zeta/assets/images/logo/small-white-logo.png]
[admin.pixelstrap.com/zeta/assets/images/logo-icon.png]
[admin.pixelstrap.com/zeta/theme/dashboard-02.html]
[admin.pixelstrap.com/zeta/theme/crypto-dashboard.html]
[admin.pixelstrap.com/zeta/theme/chart-widget.html]
[admin.pixelstrap.com/zeta/theme/general-widget.html]
[admin.pixelstrap.com/zeta/theme/box-layout.html]
[admin.pixelstrap.com/zeta/theme/layout-rtl.html]
[admin.pixelstrap.com/zeta/theme/layout-dark.html]
[admin.pixelstrap.com/zeta/theme/hide-on-scroll.html]
[admin.pixelstrap.com/zeta/theme/footer-light.html]
[admin.pixelstrap.com/zeta/theme/footer-dark.html]
[admin.pixelstrap.com/zeta/theme/footer-fixed.html]
[admin.pixelstrap.com/zeta/theme/projects.html]
[admin.pixelstrap.com/zeta/theme/projectcreate.html]
[admin.pixelstrap.com/zeta/theme/file-manager.html]
[admin.pixelstrap.com/zeta/theme/product-page.html]
[admin.pixelstrap.com/zeta/theme/list-products.html]
[admin.pixelstrap.com/zeta/theme/payment-details.html]
[admin.pixelstrap.com/zeta/theme/order-history.html]
[admin.pixelstrap.com/zeta/theme/invoice-template.html]
[admin.pixelstrap.com/zeta/theme/list-wish.html]
[admin.pixelstrap.com/zeta/theme/pricing.html]
[admin.pixelstrap.com/zeta/theme/email_inbox.html]
[admin.pixelstrap.com/zeta/theme/email_read.html]
[admin.pixelstrap.com/zeta/theme/email_compose.html]
[admin.pixelstrap.com/zeta/theme/chat.html]
[admin.pixelstrap.com/zeta/theme/chat-video.html]
[admin.pixelstrap.com/zeta/theme/user-cards.html]
[admin.pixelstrap.com/zeta/theme/bookmark.html]
[admin.pixelstrap.com/zeta/theme/contacts.html]
[admin.pixelstrap.com/zeta/theme/task.html]
[admin.pixelstrap.com/zeta/theme/calendar-basic.html]
[admin.pixelstrap.com/zeta/theme/social-app.html]
[admin.pixelstrap.com/zeta/theme/to-do.html]
[admin.pixelstrap.com/zeta/theme/search.html]
[admin.pixelstrap.com/zeta/theme/form-validation.html]
[admin.pixelstrap.com/zeta/theme/radio-checkbox-control.html]
[admin.pixelstrap.com/zeta/theme/megaoptions.html]
[admin.pixelstrap.com/zeta/theme/input-group.html]
[admin.pixelstrap.com/zeta/theme/datepicker.html]
[admin.pixelstrap.com/zeta/theme/time-picker.html]
[admin.pixelstrap.com/zeta/theme/datetimepicker.html]
[admin.pixelstrap.com/zeta/theme/daterangepicker.html]
[admin.pixelstrap.com/zeta/theme/touchspin.html]
[admin.pixelstrap.com/zeta/theme/select2.html]
[admin.pixelstrap.com/zeta/theme/switch.html]
[admin.pixelstrap.com/zeta/theme/typeahead.html]
[admin.pixelstrap.com/zeta/theme/clipboard.html]
[admin.pixelstrap.com/zeta/theme/default-form.html]
[admin.pixelstrap.com/zeta/theme/form-wizard.html]
[admin.pixelstrap.com/zeta/theme/form-wizard-two.html]
[admin.pixelstrap.com/zeta/theme/form-wizard-three.html]
[admin.pixelstrap.com/zeta/theme/bootstrap-basic-table.html]
[admin.pixelstrap.com/zeta/theme/bootstrap-sizing-table.html]
[admin.pixelstrap.com/zeta/theme/bootstrap-border-table.html]
[admin.pixelstrap.com/zeta/theme/bootstrap-styling-table.html]
[admin.pixelstrap.com/zeta/theme/table-components.html]
[admin.pixelstrap.com/zeta/theme/datatable-advance.html]
[admin.pixelstrap.com/zeta/theme/datatable-styling.html]
[admin.pixelstrap.com/zeta/theme/datatable-AJAX.html]
[admin.pixelstrap.com/zeta/theme/datatable-server-side.html]
[admin.pixelstrap.com/zeta/theme/datatable-plugin.html]
[admin.pixelstrap.com/zeta/theme/datatable-API.html]
[admin.pixelstrap.com/zeta/theme/datatable-data-source.html]
[admin.pixelstrap.com/zeta/theme/datatable-ext-autofill.html]
[admin.pixelstrap.com/zeta/theme/datatable-ext-basic-button.html]
[admin.pixelstrap.com/zeta/theme/datatable-ext-col-reorder.html]
[admin.pixelstrap.com/zeta/theme/datatable-ext-fixed-header.html]
[admin.pixelstrap.com/zeta/theme/datatable-ext-html-5-data-export.html]
[admin.pixelstrap.com/zeta/theme/datatable-ext-key-table.html]
[admin.pixelstrap.com/zeta/theme/datatable-ext-responsive.html]
[admin.pixelstrap.com/zeta/theme/datatable-ext-scroller.html]
[admin.pixelstrap.com/zeta/theme/datatable-ext-row-reorder.html]
[admin.pixelstrap.com/zeta/theme/jsgrid-table.html]
[admin.pixelstrap.com/zeta/theme/state-color.html]
[admin.pixelstrap.com/zeta/theme/typography.html]
[admin.pixelstrap.com/zeta/theme/avatars.html]
[admin.pixelstrap.com/zeta/theme/helper-classes.html]
[admin.pixelstrap.com/zeta/theme/grid.html]
[admin.pixelstrap.com/zeta/theme/tag-pills.html]
[admin.pixelstrap.com/zeta/theme/progress-bar.html]
[admin.pixelstrap.com/zeta/theme/modal.html]
[admin.pixelstrap.com/zeta/theme/alert.html]
[admin.pixelstrap.com/zeta/theme/popover.html]
[admin.pixelstrap.com/zeta/theme/tooltip.html]
[admin.pixelstrap.com/zeta/theme/toast.html]
[admin.pixelstrap.com/zeta/theme/loader.html]
[admin.pixelstrap.com/zeta/theme/dropdown.html]
[admin.pixelstrap.com/zeta/theme/according.html]
[admin.pixelstrap.com/zeta/theme/tab-bootstrap.html]
[admin.pixelstrap.com/zeta/theme/tab-material.html]
[admin.pixelstrap.com/zeta/theme/list.html]
[admin.pixelstrap.com/zeta/theme/scrollable.html]
[admin.pixelstrap.com/zeta/theme/tree.html]
[admin.pixelstrap.com/zeta/theme/bootstrap-notify.html]
[admin.pixelstrap.com/zeta/theme/rating.html]
[admin.pixelstrap.com/zeta/theme/dropzone.html]
[admin.pixelstrap.com/zeta/theme/tour.html]
[admin.pixelstrap.com/zeta/theme/sweet-alert2.html]
[admin.pixelstrap.com/zeta/theme/modal-animated.html]
[admin.pixelstrap.com/zeta/theme/owl-carousel.html]
[admin.pixelstrap.com/zeta/theme/ribbons.html]
[admin.pixelstrap.com/zeta/theme/pagination.html]
[admin.pixelstrap.com/zeta/theme/breadcrumb.html]
[admin.pixelstrap.com/zeta/theme/steps.html]
[admin.pixelstrap.com/zeta/theme/range-slider.html]
[admin.pixelstrap.com/zeta/theme/image-cropper.html]
[admin.pixelstrap.com/zeta/theme/sticky.html]
[admin.pixelstrap.com/zeta/theme/basic-card.html]
[admin.pixelstrap.com/zeta/theme/creative-card.html]
[admin.pixelstrap.com/zeta/theme/tabbed-card.html]
[admin.pixelstrap.com/zeta/theme/dragable-card.html]
[admin.pixelstrap.com/zeta/theme/timeline-v-1.html]
[admin.pixelstrap.com/zeta/theme/timeline-v-2.html]
[admin.pixelstrap.com/zeta/theme/form-builder-1.html]
[admin.pixelstrap.com/zeta/theme/form-builder-2.html]
[admin.pixelstrap.com/zeta/theme/pagebuild.html]
[admin.pixelstrap.com/zeta/theme/button-builder.html]
[admin.pixelstrap.com/zeta/theme/animate.html]
[admin.pixelstrap.com/zeta/theme/scroll-reval.html]
[admin.pixelstrap.com/zeta/theme/AOS.html]
[admin.pixelstrap.com/zeta/theme/tilt.html]
[admin.pixelstrap.com/zeta/theme/wow.html]
[admin.pixelstrap.com/zeta/theme/flag-icon.html]
[admin.pixelstrap.com/zeta/theme/font-awesome.html]
[admin.pixelstrap.com/zeta/theme/ico-icon.html]
[admin.pixelstrap.com/zeta/theme/themify-icon.html]
[admin.pixelstrap.com/zeta/theme/feather-icon.html]
[admin.pixelstrap.com/zeta/theme/whether-icon.html]
[admin.pixelstrap.com/zeta/theme/buttons.html]
[admin.pixelstrap.com/zeta/theme/chart-apex.html]
[admin.pixelstrap.com/zeta/theme/chart-google.html]
[admin.pixelstrap.com/zeta/theme/chart-sparkline.html]
[admin.pixelstrap.com/zeta/theme/chart-flot.html]
[admin.pixelstrap.com/zeta/theme/chart-knob.html]
[admin.pixelstrap.com/zeta/theme/chart-morris.html]
[admin.pixelstrap.com/zeta/theme/chartjs.html]
[admin.pixelstrap.com/zeta/theme/chartist.html]
[admin.pixelstrap.com/zeta/theme/chart-peity.html]
[admin.pixelstrap.com/zeta/theme/landing-page.html]
[admin.pixelstrap.com/zeta/theme/sample-page.html]
[admin.pixelstrap.com/zeta/theme/internationalization.html]
[admin.pixelstrap.com/zeta/theme/error-page1.html]
[admin.pixelstrap.com/zeta/theme/error-page2.html]
[admin.pixelstrap.com/zeta/theme/error-page3.html]
[admin.pixelstrap.com/zeta/theme/error-page4.html]
[admin.pixelstrap.com/zeta/theme/login_one.html]
[admin.pixelstrap.com/zeta/theme/login_two.html]
[admin.pixelstrap.com/zeta/theme/login-bs-validation.html]
[admin.pixelstrap.com/zeta/theme/login-bs-tt-validation.html]
[admin.pixelstrap.com/zeta/theme/login-sa-validation.html]
[admin.pixelstrap.com/zeta/theme/sign-up.html]
[admin.pixelstrap.com/zeta/theme/sign-up-one.html]
[admin.pixelstrap.com/zeta/theme/sign-up-two.html]
[admin.pixelstrap.com/zeta/theme/unlock.html]
[admin.pixelstrap.com/zeta/theme/forget-password.html]
[admin.pixelstrap.com/zeta/theme/creat-password.html]
[admin.pixelstrap.com/zeta/theme/maintenance.html]
[admin.pixelstrap.com/zeta/theme/comingsoon.html]
[admin.pixelstrap.com/zeta/theme/comingsoon-bg-img.html]
[admin.pixelstrap.com/zeta/theme/basic-template.html]
[admin.pixelstrap.com/zeta/theme/email-header.html]
[admin.pixelstrap.com/zeta/theme/template-email-2.html]
[admin.pixelstrap.com/zeta/theme/ecommerce-templates.html]
[admin.pixelstrap.com/zeta/theme/email-order-success.html]
[admin.pixelstrap.com/zeta/theme/gallery.html]
[admin.pixelstrap.com/zeta/theme/gallery-with-description.html]
[admin.pixelstrap.com/zeta/theme/gallery-masonry.html]
[admin.pixelstrap.com/zeta/theme/masonry-gallery-with-disc.html]
[admin.pixelstrap.com/zeta/theme/gallery-hover.html]
[admin.pixelstrap.com/zeta/theme/blog.html]
[admin.pixelstrap.com/zeta/theme/blog-single.html]
[admin.pixelstrap.com/zeta/theme/add-post.html]
[admin.pixelstrap.com/zeta/theme/faq.html]
[admin.pixelstrap.com/zeta/theme/job-cards-view.html]
[admin.pixelstrap.com/zeta/theme/job-list-view.html]
[admin.pixelstrap.com/zeta/theme/job-details.html]
[admin.pixelstrap.com/zeta/theme/job-apply.html]
[admin.pixelstrap.com/zeta/theme/learning-list-view.html]
[admin.pixelstrap.com/zeta/theme/learning-detailed.html]
[admin.pixelstrap.com/zeta/theme/map-js.html]
[admin.pixelstrap.com/zeta/theme/vector-map.html]
[admin.pixelstrap.com/zeta/theme/summernote.html]
[admin.pixelstrap.com/zeta/theme/ckeditor.html]
[admin.pixelstrap.com/zeta/theme/simple-MDE.html]
[admin.pixelstrap.com/zeta/theme/ace-code-editor.html]
[admin.pixelstrap.com/zeta/theme/knowledgebase.html]
[admin.pixelstrap.com/zeta/theme/knowledge-category.html]
[admin.pixelstrap.com/zeta/theme/knowledge-detail.html]
[admin.pixelstrap.com/zeta/theme/support-ticket.html]
[admin.pixelstrap.com/zeta/assets/images/side-bar.png]
[admin.pixelstrap.com/zeta/assets/images/avatar.jpg]
[admin.pixelstrap.com/zeta/assets/images/dashboard/rectangle-26.jpg]
[admin.pixelstrap.com/zeta/assets/images/dashboard/rectangle-27.jpg]
[admin.pixelstrap.com/zeta/assets/images/dashboard/rectangle-28.jpg]
[admin.pixelstrap.com/zeta/assets/images/dashboard/rectangle-29.jpg]
[admin.pixelstrap.com/zeta/assets/images/avtar/boy.png]
[admin.pixelstrap.com/zeta/assets/images/avtar/girl.png]
[admin.pixelstrap.com/zeta/assets/images/avtar/woman.png]
[admin.pixelstrap.com/zeta/assets/images/dashboard/img-26.png]
[admin.pixelstrap.com/zeta/assets/images/dashboard/image-20.jpg]
[admin.pixelstrap.com/zeta/assets/js/jquery-3.5.1.min.js]
[admin.pixelstrap.com/zeta/assets/js/bootstrap/bootstrap.bundle.min.js]
[admin.pixelstrap.com/zeta/assets/js/icons/feather-icon/feather.min.js]
[admin.pixelstrap.com/zeta/assets/js/icons/feather-icon/feather-icon.js]
[admin.pixelstrap.com/zeta/assets/js/scrollbar/simplebar.js]
[admin.pixelstrap.com/zeta/assets/js/scrollbar/custom.js]
[admin.pixelstrap.com/zeta/assets/js/config.js]
[admin.pixelstrap.com/zeta/assets/js/sidebar-menu.js]
[admin.pixelstrap.com/zeta/assets/js/chart/knob/knob.min.js]
[admin.pixelstrap.com/zeta/assets/js/chart/knob/knob-chart.js]
[admin.pixelstrap.com/zeta/assets/js/chart/apex-chart/apex-chart.js]
[admin.pixelstrap.com/zeta/assets/js/chart/apex-chart/stock-prices.js]
[admin.pixelstrap.com/zeta/assets/js/notify/bootstrap-notify.min.js]
[admin.pixelstrap.com/zeta/assets/js/dashboard/default.js]
[admin.pixelstrap.com/zeta/assets/js/notify/index.js]
[admin.pixelstrap.com/zeta/assets/js/datepicker/date-picker/datepicker.js]
[admin.pixelstrap.com/zeta/assets/js/datepicker/date-picker/datepicker.en.js]
[admin.pixelstrap.com/zeta/assets/js/datepicker/date-picker/datepicker.custom.js]
[admin.pixelstrap.com/zeta/assets/js/photoswipe/photoswipe.min.js]
[admin.pixelstrap.com/zeta/assets/js/photoswipe/photoswipe-ui-default.min.js]
[admin.pixelstrap.com/zeta/assets/js/photoswipe/photoswipe.js]
[admin.pixelstrap.com/zeta/assets/js/typeahead/handlebars.js]
[admin.pixelstrap.com/zeta/assets/js/typeahead/typeahead.bundle.js]
[admin.pixelstrap.com/zeta/assets/js/typeahead/typeahead.custom.js]
[admin.pixelstrap.com/zeta/assets/js/typeahead-search/handlebars.js]
[admin.pixelstrap.com/zeta/assets/js/typeahead-search/typeahead-custom.js]
[admin.pixelstrap.com/zeta/assets/js/height-equal.js]
[admin.pixelstrap.com/zeta/assets/js/script.js]
[admin.pixelstrap.com/zeta/assets/js/theme-customizer/customizer.js]
[admin.pixelstrap.com/zeta/theme/index.html]
[admin.pixelstrap.com/zeta/assets/css/vendors/font-awesome.css]
[admin.pixelstrap.com/zeta/assets/css/vendors/icofont.css]
[admin.pixelstrap.com/zeta/assets/css/vendors/themify.css]
[admin.pixelstrap.com/zeta/assets/css/vendors/flag-icon.css]
[admin.pixelstrap.com/zeta/assets/css/vendors/feather-icon.css]
[admin.pixelstrap.com/zeta/assets/css/vendors/scrollbar.css]
[admin.pixelstrap.com/zeta/assets/css/vendors/animate.css]
[admin.pixelstrap.com/zeta/assets/css/vendors/date-picker.css]
[admin.pixelstrap.com/zeta/assets/images/lightgallry/default-skin.png]
[admin.pixelstrap.com/zeta/assets/css/vendors/photoswipe.css]
[admin.pixelstrap.com/zeta/assets/css/vendors/bootstrap.css]
[admin.pixelstrap.com/zeta/assets/images/details_open.png]
[admin.pixelstrap.com/zeta/assets/images/other-images/coming-soon-bg.jpg]
[admin.pixelstrap.com/zeta/assets/images/dashboard/earning-back.jpg]
[admin.pixelstrap.com/zeta/assets/images/dashboard/premium-ace.png]
[admin.pixelstrap.com/zeta/assets/images/other-images/wallpaper.jpg]
[admin.pixelstrap.com/zeta/assets/images/other-images/clock-face.png]
[admin.pixelstrap.com/zeta/assets/images/other-images/calender-bg.png]
[admin.pixelstrap.com/zeta/assets/images/other-images/maintenance-bg.jpg]
[admin.pixelstrap.com/zeta/assets/images/other-images/boxbg.jpg]
[admin.pixelstrap.com/zeta/assets/css/style.css]
[admin.pixelstrap.com/zeta/assets/css/color-1.css]
[admin.pixelstrap.com/zeta/assets/css/responsive.css]
[admin.pixelstrap.com/zeta/assets/images/product/1.png]
[admin.pixelstrap.com/zeta/assets/images/product/13.png]
[admin.pixelstrap.com/zeta/assets/images/product/4.png]
[admin.pixelstrap.com/zeta/assets/js/touchspin/vendors.min.js]
[admin.pixelstrap.com/zeta/assets/js/touchspin/touchspin.js]
[admin.pixelstrap.com/zeta/assets/js/touchspin/input-groups.min.js]
[admin.pixelstrap.com/zeta/theme/cart.html]
[admin.pixelstrap.com/zeta/assets/images/ecommerce/01.jpg]
[admin.pixelstrap.com/zeta/assets/images/ecommerce/02.jpg]
[admin.pixelstrap.com/zeta/assets/images/ecommerce/03.jpg]
[admin.pixelstrap.com/zeta/assets/images/ecommerce/banner.jpg]
[admin.pixelstrap.com/zeta/assets/images/ecommerce/04.jpg]
[admin.pixelstrap.com/zeta/assets/js/range-slider/ion.rangeSlider.min.js]
[admin.pixelstrap.com/zeta/assets/js/range-slider/rangeslider-script.js]
[admin.pixelstrap.com/zeta/assets/js/owlcarousel/owl.carousel.js]
[admin.pixelstrap.com/zeta/assets/js/select2/select2.full.min.js]
[admin.pixelstrap.com/zeta/assets/js/select2/select2-custom.js]
[admin.pixelstrap.com/zeta/assets/js/product-tab.js]
[admin.pixelstrap.com/zeta/theme/product.html]
[admin.pixelstrap.com/zeta/assets/images/checkout/paypal.png]
[admin.pixelstrap.com/zeta/theme/checkout.html]
[admin.pixelstrap.com/zeta/theme/base-input.html]
[admin.pixelstrap.com/zeta/assets/images/user-profile/bg-profile.jpg]
[admin.pixelstrap.com/zeta/assets/images/user/7.jpg]
[admin.pixelstrap.com/zeta/assets/images/user/2.png]
[admin.pixelstrap.com/zeta/assets/images/user/3.png]
[admin.pixelstrap.com/zeta/assets/images/user/3.jpg]
[admin.pixelstrap.com/zeta/assets/images/user/10.jpg]
[admin.pixelstrap.com/zeta/assets/images/user/11.png]
[admin.pixelstrap.com/zeta/assets/images/social-app/post-1.png]
[admin.pixelstrap.com/zeta/assets/images/social-app/post-2.png]
[admin.pixelstrap.com/zeta/assets/images/social-app/post-3.png]
[admin.pixelstrap.com/zeta/assets/images/social-app/post-4.png]
[admin.pixelstrap.com/zeta/assets/images/social-app/post-5.png]
[admin.pixelstrap.com/zeta/assets/images/social-app/post-6.png]
[admin.pixelstrap.com/zeta/assets/images/social-app/post-7.png]
[admin.pixelstrap.com/zeta/assets/images/social-app/post-8.png]
[admin.pixelstrap.com/zeta/assets/images/user/5.jpg]
[admin.pixelstrap.com/zeta/assets/images/user/1.jpg]
[admin.pixelstrap.com/zeta/assets/images/user/6.jpg]
[admin.pixelstrap.com/zeta/assets/images/user/14.png]
[admin.pixelstrap.com/zeta/assets/images/user/4.jpg]
[admin.pixelstrap.com/zeta/assets/images/user/8.jpg]
[admin.pixelstrap.com/zeta/assets/images/user-profile/post1.jpg]
[admin.pixelstrap.com/zeta/assets/images/user-profile/post2.jpg]
[admin.pixelstrap.com/zeta/assets/images/user-profile/post3.jpg]
[admin.pixelstrap.com/zeta/assets/images/user-profile/post4.jpg]
[admin.pixelstrap.com/zeta/assets/js/counter/jquery.waypoints.min.js]
[admin.pixelstrap.com/zeta/assets/js/counter/jquery.counterup.min.js]
[admin.pixelstrap.com/zeta/assets/js/counter/counter-custom.js]
[admin.pixelstrap.com/zeta/theme/user-profile.html]
[admin.pixelstrap.com/zeta/assets/js/datatable/datatables/jquery.dataTables.min.js]
[admin.pixelstrap.com/zeta/assets/js/datatable/datatables/datatable.custom.js]
[admin.pixelstrap.com/zeta/theme/datatable-basic-init.html]
[admin.pixelstrap.com/zeta/assets/images/user/user.png]
[admin.pixelstrap.com/zeta/assets/images/email/1.jpg]
[admin.pixelstrap.com/zeta/assets/images/email/2.jpg]
[admin.pixelstrap.com/zeta/assets/images/email/3.jpg]
[admin.pixelstrap.com/zeta/assets/js/editor/ckeditor/ckeditor.js]
[admin.pixelstrap.com/zeta/assets/js/editor/ckeditor/adapters/jquery.js]
[admin.pixelstrap.com/zeta/assets/js/email-app.js]
[admin.pixelstrap.com/zeta/theme/email-application.html]
[admin.pixelstrap.com/zeta/assets/js/jkanban/jkanban.js]
[admin.pixelstrap.com/zeta/assets/js/jkanban/custom.js]
[admin.pixelstrap.com/zeta/assets/js/tooltip-init.js]
[admin.pixelstrap.com/zeta/theme/kanban.html]
[admin.pixelstrap.com/zeta/theme/edit-profile.html]
[admin.pixelstrap.com/zeta/theme/login.html]
[admin.pixelstrap.com/zeta/assets/images/dashboard-2/rectangle-26.png]
[admin.pixelstrap.com/zeta/assets/images/dashboard-2/rectangle-27.png]
[admin.pixelstrap.com/zeta/assets/images/dashboard-2/rectangle-28.png]
[admin.pixelstrap.com/zeta/assets/images/dashboard-2/rectangle-29.png]
[admin.pixelstrap.com/zeta/assets/images/dashboard-2/running-shoe.png]
[admin.pixelstrap.com/zeta/assets/images/dashboard-2/hand-bag.png]
[admin.pixelstrap.com/zeta/assets/images/dashboard-2/sun-glasses.png]
[admin.pixelstrap.com/zeta/assets/images/dashboard-2/shirt.png]
[admin.pixelstrap.com/zeta/assets/images/dashboard-2/image.png]
[admin.pixelstrap.com/zeta/assets/images/dashboard-2/support-img.png]
[admin.pixelstrap.com/zeta/assets/js/chart/chartjs/chart.min.js]
[admin.pixelstrap.com/zeta/assets/js/chart/chartist/chartist.js]
[admin.pixelstrap.com/zeta/assets/js/chart/chartist/chartist-plugin-tooltip.js]
[admin.pixelstrap.com/zeta/assets/js/prism/prism.min.js]
[admin.pixelstrap.com/zeta/assets/js/owlcarousel/owl-custom.js]
[admin.pixelstrap.com/zeta/assets/js/dashboard/dashboard_2.js]
[admin.pixelstrap.com/zeta/theme/dashboard-02.html]
[admin.pixelstrap.com/zeta/assets/images/avtar/chat-user-1.png]
[admin.pixelstrap.com/zeta/assets/images/crypto-dashboard/emoji.png]
[admin.pixelstrap.com/zeta/assets/images/avtar/chat-user-2.png]
[admin.pixelstrap.com/zeta/assets/js/dashboard/crypto-dashboard.js]
[admin.pixelstrap.com/zeta/theme/crypto-dashboard.html]
[admin.pixelstrap.com/zeta/assets/images/other-images/user-profile.png]
[admin.pixelstrap.com/zeta/assets/images/user/user-dp.png]
[admin.pixelstrap.com/zeta/assets/images/dashboard/chrome.png]
[admin.pixelstrap.com/zeta/assets/images/dashboard/firefox.png]
[admin.pixelstrap.com/zeta/assets/images/dashboard/safari.png]
[admin.pixelstrap.com/zeta/assets/js/general-widget.js]
[admin.pixelstrap.com/zeta/theme/general-widget.html]
[admin.pixelstrap.com/zeta/assets/js/chart/apex-chart/moment.min.js]
[admin.pixelstrap.com/zeta/assets/js/clipboard/clipboard.min.js]
[admin.pixelstrap.com/zeta/assets/js/custom-card/custom-card.js]
[admin.pixelstrap.com/zeta/assets/js/chart-widget.js]
[admin.pixelstrap.com/zeta/theme/chart-widget.html]
[admin.pixelstrap.com/zeta/theme/box-layout.html]
[admin.pixelstrap.com/zeta/theme/layout-rtl.html]
[admin.pixelstrap.com/zeta/theme/layout-dark.html]
[admin.pixelstrap.com/zeta/assets/js/hide-on-scroll.js]
[admin.pixelstrap.com/zeta/theme/hide-on-scroll.html]
[admin.pixelstrap.com/zeta/theme/footer-light.html]
[admin.pixelstrap.com/zeta/theme/footer-dark.html]
[admin.pixelstrap.com/zeta/theme/footer-fixed.html]
[admin.pixelstrap.com/zeta/theme/projects.html]
[admin.pixelstrap.com/zeta/assets/js/dropzone/dropzone.js]
[admin.pixelstrap.com/zeta/assets/js/dropzone/dropzone-script.js]
[admin.pixelstrap.com/zeta/theme/projectcreate.html]
[admin.pixelstrap.com/zeta/assets/images/dashboard/folder.png]
[admin.pixelstrap.com/zeta/assets/images/dashboard/folder1.png]
[admin.pixelstrap.com/zeta/assets/js/icons/feather-icon/feather-icon-clipart.js]
[admin.pixelstrap.com/zeta/theme/file-manager.html]
[admin.pixelstrap.com/zeta/assets/images/ecommerce/05.jpg]
[admin.pixelstrap.com/zeta/assets/images/ecommerce/06.jpg]
[admin.pixelstrap.com/zeta/assets/images/ecommerce/07.jpg]
[admin.pixelstrap.com/zeta/assets/images/ecommerce/08.jpg]
[admin.pixelstrap.com/zeta/assets/js/rating/jquery.barrating.js]
[admin.pixelstrap.com/zeta/assets/js/rating/rating-script.js]
[admin.pixelstrap.com/zeta/assets/js/slick-slider/slick.min.js]
[admin.pixelstrap.com/zeta/assets/js/slick-slider/slick-theme.js]
[admin.pixelstrap.com/zeta/assets/js/ecommerce.js]
[admin.pixelstrap.com/zeta/theme/product-page.html]
[admin.pixelstrap.com/zeta/assets/images/ecommerce/product-table-1.png]
[admin.pixelstrap.com/zeta/assets/images/ecommerce/product-table-2.png]
[admin.pixelstrap.com/zeta/assets/images/ecommerce/product-table-3.png]
[admin.pixelstrap.com/zeta/assets/images/ecommerce/product-table-4.png]
[admin.pixelstrap.com/zeta/assets/images/ecommerce/product-table-5.png]
[admin.pixelstrap.com/zeta/assets/images/ecommerce/product-table-6.png]
[admin.pixelstrap.com/zeta/assets/js/product-list-custom.js]
[admin.pixelstrap.com/zeta/theme/list-products.html]
[admin.pixelstrap.com/zeta/assets/images/ecommerce/card.png]
[admin.pixelstrap.com/zeta/assets/images/ecommerce/mastercard.png]
[admin.pixelstrap.com/zeta/assets/images/ecommerce/visa.png]
[admin.pixelstrap.com/zeta/assets/images/ecommerce/paypal.png]
[admin.pixelstrap.com/zeta/theme/payment-details.html]
[admin.pixelstrap.com/zeta/assets/images/product/10.png]
[admin.pixelstrap.com/zeta/assets/images/product/12.png]
[admin.pixelstrap.com/zeta/assets/images/product/3.png]
[admin.pixelstrap.com/zeta/assets/images/product/2.png]
[admin.pixelstrap.com/zeta/assets/images/product/15.png]
[admin.pixelstrap.com/zeta/assets/images/product/14.png]
[admin.pixelstrap.com/zeta/assets/images/product/11.png]
[admin.pixelstrap.com/zeta/theme/order-history.html]
[admin.pixelstrap.com/zeta/assets/images/other-images/paypal.png]
[admin.pixelstrap.com/zeta/assets/js/print.js]
[admin.pixelstrap.com/zeta/theme/invoice-template.html]
[admin.pixelstrap.com/zeta/theme/list-wish.html]
[admin.pixelstrap.com/zeta/theme/pricing.html]
[admin.pixelstrap.com/zeta/theme/email_inbox.html]
[admin.pixelstrap.com/zeta/theme/email_read.html]
[admin.pixelstrap.com/zeta/theme/email_compose.html]
[admin.pixelstrap.com/zeta/assets/images/user/12.png]
[admin.pixelstrap.com/zeta/assets/images/smiley.png]
[admin.pixelstrap.com/zeta/assets/js/fullscreen.js]
[admin.pixelstrap.com/zeta/theme/chat.html]
[admin.pixelstrap.com/zeta/assets/images/other-images/receiver-img.jpg]
[admin.pixelstrap.com/zeta/assets/images/other-images/caller.jpg]
[admin.pixelstrap.com/zeta/theme/chat-video.html]
[admin.pixelstrap.com/zeta/assets/images/user-card/1.jpg]
[admin.pixelstrap.com/zeta/assets/images/avtar/3.jpg]
[admin.pixelstrap.com/zeta/assets/images/user-card/2.jpg]
[admin.pixelstrap.com/zeta/assets/images/avtar/16.jpg]
[admin.pixelstrap.com/zeta/assets/images/user-card/3.jpg]
[admin.pixelstrap.com/zeta/assets/images/avtar/11.jpg]
[admin.pixelstrap.com/zeta/assets/images/user-card/7.jpg]
[admin.pixelstrap.com/zeta/assets/images/user-card/5.jpg]
[admin.pixelstrap.com/zeta/assets/images/user-card/6.jpg]
[admin.pixelstrap.com/zeta/theme/user-cards.html]
[admin.pixelstrap.com/zeta/assets/images/lightgallry/01.jpg]
[admin.pixelstrap.com/zeta/assets/images/lightgallry/02.jpg]
[admin.pixelstrap.com/zeta/assets/images/lightgallry/03.jpg]
[admin.pixelstrap.com/zeta/assets/images/lightgallry/04.jpg]
[admin.pixelstrap.com/zeta/assets/images/lightgallry/05.jpg]
[admin.pixelstrap.com/zeta/assets/images/lightgallry/06.jpg]
[admin.pixelstrap.com/zeta/assets/images/lightgallry/07.jpg]
[admin.pixelstrap.com/zeta/assets/js/bookmark/jquery.validate.min.js]
[admin.pixelstrap.com/zeta/assets/js/bookmark/custom.js]
[admin.pixelstrap.com/zeta/assets/js/form-validation-custom.js]
[admin.pixelstrap.com/zeta/theme/bookmark.html]
[admin.pixelstrap.com/zeta/assets/js/sweet-alert/sweetalert.min.js]
[admin.pixelstrap.com/zeta/assets/js/contacts/custom.js]
[admin.pixelstrap.com/zeta/theme/contacts.html]
[admin.pixelstrap.com/zeta/theme/task.html]
[admin.pixelstrap.com/zeta/assets/js/calendar/tui-code-snippet.min.js]
[admin.pixelstrap.com/zeta/assets/js/calendar/tui-time-picker.min.js]
[admin.pixelstrap.com/zeta/assets/js/calendar/tui-date-picker.min.js]
[admin.pixelstrap.com/zeta/assets/js/calendar/moment.min.js]
[admin.pixelstrap.com/zeta/assets/js/calendar/chance.min.js]
[admin.pixelstrap.com/zeta/assets/js/calendar/tui-calendar.js]
[admin.pixelstrap.com/zeta/assets/js/calendar/calendars.js]
[admin.pixelstrap.com/zeta/assets/js/calendar/schedules.js]
[admin.pixelstrap.com/zeta/assets/js/calendar/app.js]
[admin.pixelstrap.com/zeta/theme/calendar-basic.html]
[admin.pixelstrap.com/zeta/assets/images/social-app/timeline-3.png]
[admin.pixelstrap.com/zeta/assets/images/social-app/timeline-1.png]
[admin.pixelstrap.com/zeta/assets/images/social-app/timeline-2.png]
[admin.pixelstrap.com/zeta/assets/images/social-app/timeline-4.png]
[admin.pixelstrap.com/zeta/assets/images/big-lightgallry/01.jpg]
[admin.pixelstrap.com/zeta/assets/images/big-lightgallry/02.jpg]
[admin.pixelstrap.com/zeta/assets/images/big-lightgallry/03.jpg]
[admin.pixelstrap.com/zeta/assets/images/big-lightgallry/04.jpg]
[admin.pixelstrap.com/zeta/assets/images/big-lightgallry/05.jpg]
[admin.pixelstrap.com/zeta/assets/images/big-lightgallry/011.jpg]
[admin.pixelstrap.com/zeta/assets/images/lightgallry/011.jpg]
[admin.pixelstrap.com/zeta/assets/images/big-lightgallry/010.jpg]
[admin.pixelstrap.com/zeta/assets/images/lightgallry/010.jpg]
[admin.pixelstrap.com/zeta/assets/images/big-lightgallry/08.jpg]
[admin.pixelstrap.com/zeta/assets/images/lightgallry/08.jpg]
[admin.pixelstrap.com/zeta/theme/social-app.html]
[admin.pixelstrap.com/zeta/assets/js/todo/todo.js]
[admin.pixelstrap.com/zeta/theme/to-do.html]
[admin.pixelstrap.com/zeta/assets/images/blog/blog.jpg]
[admin.pixelstrap.com/zeta/theme/search.html]
[admin.pixelstrap.com/zeta/theme/form-validation.html]
[admin.pixelstrap.com/zeta/theme/radio-checkbox-control.html]
[admin.pixelstrap.com/zeta/theme/input-group.html]
[admin.pixelstrap.com/zeta/theme/megaoptions.html]
[admin.pixelstrap.com/zeta/theme/datepicker.html]
[admin.pixelstrap.com/zeta/assets/js/time-picker/jquery-clockpicker.min.js]
[admin.pixelstrap.com/zeta/assets/js/time-picker/highlight.min.js]
[admin.pixelstrap.com/zeta/assets/js/time-picker/clockpicker.js]
[admin.pixelstrap.com/zeta/theme/time-picker.html]
[admin.pixelstrap.com/zeta/assets/js/datepicker/date-time-picker/moment.min.js]
[admin.pixelstrap.com/zeta/assets/js/datepicker/date-time-picker/tempusdominus-bootstrap-4.min.js]
[admin.pixelstrap.com/zeta/assets/js/datepicker/date-time-picker/datetimepicker.custom.js]
[admin.pixelstrap.com/zeta/theme/datetimepicker.html]
[admin.pixelstrap.com/zeta/assets/js/datepicker/daterange-picker/moment.min.js]
[admin.pixelstrap.com/zeta/assets/js/datepicker/daterange-picker/daterangepicker.js]
[admin.pixelstrap.com/zeta/assets/js/datepicker/daterange-picker/daterange-picker.custom.js]
[admin.pixelstrap.com/zeta/theme/daterangepicker.html]
[admin.pixelstrap.com/zeta/theme/touchspin.html]
[admin.pixelstrap.com/zeta/theme/select2.html]
[admin.pixelstrap.com/zeta/theme/switch.html]
[admin.pixelstrap.com/zeta/theme/typeahead.html]
[admin.pixelstrap.com/zeta/assets/js/clipboard/clipboard-script.js]
[admin.pixelstrap.com/zeta/theme/clipboard.html]
[admin.pixelstrap.com/zeta/theme/default-form.html]
[admin.pixelstrap.com/zeta/assets/js/form-wizard/form-wizard.js]
[admin.pixelstrap.com/zeta/theme/form-wizard.html]
[admin.pixelstrap.com/zeta/assets/js/form-wizard/form-wizard-two.js]
[admin.pixelstrap.com/zeta/theme/form-wizard-two.html]
[admin.pixelstrap.com/zeta/assets/js/form-wizard/form-wizard-three.js]
[admin.pixelstrap.com/zeta/assets/js/form-wizard/jquery.backstretch.min.js]
[admin.pixelstrap.com/zeta/theme/form-wizard-three.html]
[admin.pixelstrap.com/zeta/theme/bootstrap-basic-table.html]
[admin.pixelstrap.com/zeta/theme/bootstrap-sizing-table.html]
[admin.pixelstrap.com/zeta/theme/bootstrap-border-table.html]
[admin.pixelstrap.com/zeta/theme/bootstrap-styling-table.html]
[admin.pixelstrap.com/zeta/theme/table-components.html]
[admin.pixelstrap.com/zeta/theme/datatable-advance.html]
[admin.pixelstrap.com/zeta/theme/datatable-styling.html]
[admin.pixelstrap.com/zeta/theme/datatable-AJAX.html]
[admin.pixelstrap.com/zeta/theme/datatable-server-side.html]
[admin.pixelstrap.com/zeta/theme/datatable-plugin.html]
[admin.pixelstrap.com/zeta/theme/datatable-API.html]
[admin.pixelstrap.com/zeta/theme/datatable-data-source.html]
[admin.pixelstrap.com/zeta/assets/js/datatable/datatable-extension/dataTables.buttons.min.js]
[admin.pixelstrap.com/zeta/assets/js/datatable/datatable-extension/jszip.min.js]
[admin.pixelstrap.com/zeta/assets/js/datatable/datatable-extension/buttons.colVis.min.js]
[admin.pixelstrap.com/zeta/assets/js/datatable/datatable-extension/pdfmake.min.js]
[admin.pixelstrap.com/zeta/assets/js/datatable/datatable-extension/vfs_fonts.js]
[admin.pixelstrap.com/zeta/assets/js/datatable/datatable-extension/dataTables.autoFill.min.js]
[admin.pixelstrap.com/zeta/assets/js/datatable/datatable-extension/dataTables.select.min.js]
[admin.pixelstrap.com/zeta/assets/js/datatable/datatable-extension/buttons.bootstrap4.min.js]
[admin.pixelstrap.com/zeta/assets/js/datatable/datatable-extension/buttons.html5.min.js]
[admin.pixelstrap.com/zeta/assets/js/datatable/datatable-extension/buttons.print.min.js]
[admin.pixelstrap.com/zeta/assets/js/datatable/datatable-extension/dataTables.bootstrap4.min.js]
[admin.pixelstrap.com/zeta/assets/js/datatable/datatable-extension/dataTables.responsive.min.js]
[admin.pixelstrap.com/zeta/assets/js/datatable/datatable-extension/responsive.bootstrap4.min.js]
[admin.pixelstrap.com/zeta/assets/js/datatable/datatable-extension/dataTables.keyTable.min.js]
[admin.pixelstrap.com/zeta/assets/js/datatable/datatable-extension/dataTables.colReorder.min.js]
[admin.pixelstrap.com/zeta/assets/js/datatable/datatable-extension/dataTables.fixedHeader.min.js]
[admin.pixelstrap.com/zeta/assets/js/datatable/datatable-extension/dataTables.rowReorder.min.js]
[admin.pixelstrap.com/zeta/assets/js/datatable/datatable-extension/dataTables.scroller.min.js]
[admin.pixelstrap.com/zeta/assets/js/datatable/datatable-extension/custom.js]
[admin.pixelstrap.com/zeta/theme/datatable-ext-autofill.html]
[admin.pixelstrap.com/zeta/theme/datatable-ext-basic-button.html]
[admin.pixelstrap.com/zeta/theme/datatable-ext-col-reorder.html]
[admin.pixelstrap.com/zeta/theme/datatable-ext-fixed-header.html]
[admin.pixelstrap.com/zeta/theme/datatable-ext-html-5-data-export.html]
[admin.pixelstrap.com/zeta/theme/datatable-ext-key-table.html]
[admin.pixelstrap.com/zeta/theme/datatable-ext-responsive.html]
[admin.pixelstrap.com/zeta/theme/datatable-ext-row-reorder.html]
[admin.pixelstrap.com/zeta/theme/datatable-ext-scroller.html]
[admin.pixelstrap.com/zeta/assets/js/jsgrid/jsgrid.min.js]
[admin.pixelstrap.com/zeta/assets/js/jsgrid/griddata.js]
[admin.pixelstrap.com/zeta/assets/js/jsgrid/jsgrid.js]
[admin.pixelstrap.com/zeta/theme/jsgrid-table.html]
[admin.pixelstrap.com/zeta/theme/state-color.html]
[admin.pixelstrap.com/zeta/theme/typography.html]
[admin.pixelstrap.com/zeta/assets/images/avtar/avatar-1.jpg]
[admin.pixelstrap.com/zeta/assets/images/avtar/avatar-4.jpg]
[admin.pixelstrap.com/zeta/assets/images/avtar/avatar-5.jpg]
[admin.pixelstrap.com/zeta/assets/images/user/16.png]
[admin.pixelstrap.com/zeta/theme/avatars.html]
[admin.pixelstrap.com/zeta/theme/helper-classes.html]
[admin.pixelstrap.com/zeta/theme/grid.html]
[admin.pixelstrap.com/zeta/theme/tag-pills.html]
[admin.pixelstrap.com/zeta/theme/progress-bar.html]
[admin.pixelstrap.com/zeta/theme/modal.html]
[admin.pixelstrap.com/zeta/theme/alert.html]
[admin.pixelstrap.com/zeta/assets/js/popover-custom.js]
[admin.pixelstrap.com/zeta/theme/popover.html]
[admin.pixelstrap.com/zeta/theme/tooltip.html]
[admin.pixelstrap.com/zeta/assets/js/bootstrap/popper.min.js]
[admin.pixelstrap.com/zeta/assets/js/toasts/toasts-custom.js]
[admin.pixelstrap.com/zeta/theme/toast.html]
[admin.pixelstrap.com/zeta/theme/loader.html]
[admin.pixelstrap.com/zeta/theme/dropdown.html]
[admin.pixelstrap.com/zeta/theme/according.html]
[admin.pixelstrap.com/zeta/theme/tab-bootstrap.html]
[admin.pixelstrap.com/zeta/theme/tab-material.html]
[admin.pixelstrap.com/zeta/theme/list.html]
[admin.pixelstrap.com/zeta/assets/images/banner/2.jpg]
[admin.pixelstrap.com/zeta/assets/images/banner/3.jpg]
[admin.pixelstrap.com/zeta/assets/images/banner/1.jpg]
[admin.pixelstrap.com/zeta/assets/js/scrollable/perfect-scrollbar.min.js]
[admin.pixelstrap.com/zeta/assets/js/scrollable/scrollable-custom.js]
[admin.pixelstrap.com/zeta/theme/scrollable.html]
[admin.pixelstrap.com/zeta/assets/js/tree/jstree.min.js]
[admin.pixelstrap.com/zeta/assets/js/tree/tree.js]
[admin.pixelstrap.com/zeta/theme/tree.html]
[admin.pixelstrap.com/zeta/assets/js/notify/notify-script.js]
[admin.pixelstrap.com/zeta/theme/bootstrap-notify.html]
[admin.pixelstrap.com/zeta/theme/rating.html]
[admin.pixelstrap.com/zeta/theme/dropzone.html]
[admin.pixelstrap.com/zeta/assets/js/tour/intro.js]
[admin.pixelstrap.com/zeta/assets/js/tour/intro-init.js]
[admin.pixelstrap.com/zeta/theme/tour.html]
[admin.pixelstrap.com/zeta/assets/js/sweet-alert/app.js]
[admin.pixelstrap.com/zeta/theme/sweet-alert2.html]
[admin.pixelstrap.com/zeta/assets/js/modal-animated.js]
[admin.pixelstrap.com/zeta/theme/modal-animated.html]
[admin.pixelstrap.com/zeta/assets/images/slider/1.jpg]
[admin.pixelstrap.com/zeta/assets/images/slider/2.jpg]
[admin.pixelstrap.com/zeta/assets/images/slider/3.jpg]
[admin.pixelstrap.com/zeta/assets/images/slider/4.jpg]
[admin.pixelstrap.com/zeta/assets/images/slider/5.jpg]
[admin.pixelstrap.com/zeta/assets/images/slider/6.jpg]
[admin.pixelstrap.com/zeta/assets/images/slider/7.jpg]
[admin.pixelstrap.com/zeta/assets/images/slider/8.jpg]
[admin.pixelstrap.com/zeta/assets/images/slider/9.jpg]
[admin.pixelstrap.com/zeta/assets/images/slider/10.jpg]
[admin.pixelstrap.com/zeta/assets/images/slider/11.jpg]
[admin.pixelstrap.com/zeta/assets/images/slider-auto-width/11.jpg]
[admin.pixelstrap.com/zeta/assets/images/slider-auto-width/12.jpg]
[admin.pixelstrap.com/zeta/assets/images/slider-auto-width/13.jpg]
[admin.pixelstrap.com/zeta/assets/images/slider-auto-width/14.jpg]
[admin.pixelstrap.com/zeta/assets/images/slider-auto-width/15.jpg]
[admin.pixelstrap.com/zeta/theme/owl-carousel.html]
[admin.pixelstrap.com/zeta/theme/ribbons.html]
[admin.pixelstrap.com/zeta/theme/pagination.html]
[admin.pixelstrap.com/zeta/theme/breadcrumb.html]
[admin.pixelstrap.com/zeta/theme/steps.html]
[admin.pixelstrap.com/zeta/theme/range-slider.html]
[admin.pixelstrap.com/zeta/assets/images/other-images/img-cropper.jpg]
[admin.pixelstrap.com/zeta/assets/js/image-cropper/cropper.js]
[admin.pixelstrap.com/zeta/assets/js/image-cropper/cropper-main.js]
[admin.pixelstrap.com/zeta/theme/image-cropper.html]
[admin.pixelstrap.com/zeta/assets/js/jquery.ui.min.js]
[admin.pixelstrap.com/zeta/assets/js/sticky/sticky.js]
[admin.pixelstrap.com/zeta/theme/sticky.html]
[admin.pixelstrap.com/zeta/theme/basic-card.html]
[admin.pixelstrap.com/zeta/theme/creative-card.html]
[admin.pixelstrap.com/zeta/theme/tabbed-card.html]
[admin.pixelstrap.com/zeta/assets/js/dragable/sortable.js]
[admin.pixelstrap.com/zeta/assets/js/dragable/sortable-custom.js]
[admin.pixelstrap.com/zeta/theme/dragable-card.html]
[admin.pixelstrap.com/zeta/assets/js/timeline/timeline-v-1/main.js]
[admin.pixelstrap.com/zeta/assets/js/modernizr.js]
[admin.pixelstrap.com/zeta/theme/timeline-v-1.html]
[admin.pixelstrap.com/zeta/assets/js/timeline/timeline-v-2/jquery.timeliny.min.js]
[admin.pixelstrap.com/zeta/assets/js/timeline/timeline-v-2/timeline-v-2-custom.js]
[admin.pixelstrap.com/zeta/theme/timeline-v-2.html]
[admin.pixelstrap.com/zeta/assets/js/form-builder/form-builder-1/require.js]
[admin.pixelstrap.com/zeta/assets/js/form-builder/form-builder-1/main-built.js]
[admin.pixelstrap.com/zeta/theme/form-builder-1.html]
[admin.pixelstrap.com/zeta/assets/js/form-builder/form-builder-2/beautifyhtml.js]
[admin.pixelstrap.com/zeta/assets/js/form-builder/form-builder-2/form-builder-2.js]
[admin.pixelstrap.com/zeta/theme/form-builder-2.html]
[admin.pixelstrap.com/zeta/assets/js/page-builder/jquery.grideditor.min.js]
[admin.pixelstrap.com/zeta/assets/js/page-builder/page-builder-custom.js]
[admin.pixelstrap.com/zeta/theme/pagebuild.html]
[admin.pixelstrap.com/zeta/assets/js/button-builder/colorpicker.js]
[admin.pixelstrap.com/zeta/assets/js/button-builder/clipboard.min.js]
[admin.pixelstrap.com/zeta/assets/js/button-builder/generator.js]
[admin.pixelstrap.com/zeta/assets/js/button-builder/extend-1.0.js]
[admin.pixelstrap.com/zeta/theme/button-builder.html]
[admin.pixelstrap.com/zeta/assets/js/animation/animate-custom.js]
[admin.pixelstrap.com/zeta/theme/animate.html]
[admin.pixelstrap.com/zeta/assets/images/big-lightgallry/06.jpg]
[admin.pixelstrap.com/zeta/assets/images/big-lightgallry/07.jpg]
[admin.pixelstrap.com/zeta/assets/images/big-lightgallry/09.jpg]
[admin.pixelstrap.com/zeta/assets/images/lightgallry/09.jpg]
[admin.pixelstrap.com/zeta/assets/images/big-lightgallry/012.jpg]
[admin.pixelstrap.com/zeta/assets/images/lightgallry/012.jpg]
[admin.pixelstrap.com/zeta/assets/images/big-lightgallry/013.jpg]
[admin.pixelstrap.com/zeta/assets/images/lightgallry/013.jpg]
[admin.pixelstrap.com/zeta/assets/images/big-lightgallry/014.jpg]
[admin.pixelstrap.com/zeta/assets/images/lightgallry/014.jpg]
[admin.pixelstrap.com/zeta/assets/images/big-lightgallry/015.jpg]
[admin.pixelstrap.com/zeta/assets/images/lightgallry/015.jpg]
[admin.pixelstrap.com/zeta/assets/images/big-lightgallry/016.jpg]
[admin.pixelstrap.com/zeta/assets/images/lightgallry/016.jpg]
[admin.pixelstrap.com/zeta/assets/js/animation/scroll-reveal/scrollreveal.min.js]
[admin.pixelstrap.com/zeta/assets/js/animation/scroll-reveal/reveal-custom.js]
[admin.pixelstrap.com/zeta/theme/scroll-reval.html]
[admin.pixelstrap.com/zeta/assets/images/big-masonry/1.jpg]
[admin.pixelstrap.com/zeta/assets/images/masonry/1.jpg]
[admin.pixelstrap.com/zeta/assets/images/big-masonry/2.jpg]
[admin.pixelstrap.com/zeta/assets/images/masonry/2.jpg]
[admin.pixelstrap.com/zeta/assets/images/big-masonry/3.jpg]
[admin.pixelstrap.com/zeta/assets/images/masonry/3.jpg]
[admin.pixelstrap.com/zeta/assets/images/big-masonry/4.jpg]
[admin.pixelstrap.com/zeta/assets/images/masonry/4.jpg]
[admin.pixelstrap.com/zeta/assets/images/big-masonry/5.jpg]
[admin.pixelstrap.com/zeta/assets/images/masonry/5.jpg]
[admin.pixelstrap.com/zeta/assets/images/big-masonry/6.jpg]
[admin.pixelstrap.com/zeta/assets/images/masonry/6.jpg]
[admin.pixelstrap.com/zeta/assets/images/big-masonry/7.jpg]
[admin.pixelstrap.com/zeta/assets/images/masonry/7.jpg]
[admin.pixelstrap.com/zeta/assets/images/big-masonry/8.jpg]
[admin.pixelstrap.com/zeta/assets/images/masonry/8.jpg]
[admin.pixelstrap.com/zeta/assets/images/big-masonry/9.jpg]
[admin.pixelstrap.com/zeta/assets/images/masonry/9.jpg]
[admin.pixelstrap.com/zeta/assets/images/big-masonry/10.jpg]
[admin.pixelstrap.com/zeta/assets/images/masonry/10.jpg]
[admin.pixelstrap.com/zeta/assets/images/big-masonry/11.jpg]
[admin.pixelstrap.com/zeta/assets/images/masonry/11.jpg]
[admin.pixelstrap.com/zeta/assets/images/big-masonry/12.jpg]
[admin.pixelstrap.com/zeta/assets/images/masonry/12.jpg]
[admin.pixelstrap.com/zeta/assets/images/big-masonry/14.jpg]
[admin.pixelstrap.com/zeta/assets/images/masonry/14.jpg]
[admin.pixelstrap.com/zeta/assets/images/big-masonry/15.jpg]
[admin.pixelstrap.com/zeta/assets/images/masonry/15.jpg]
[admin.pixelstrap.com/zeta/assets/images/big-masonry/13.jpg]
[admin.pixelstrap.com/zeta/assets/images/masonry/13.jpg]
[admin.pixelstrap.com/zeta/assets/js/isotope.pkgd.js]
[admin.pixelstrap.com/zeta/assets/js/animation/aos/aos.js]
[admin.pixelstrap.com/zeta/assets/js/animation/aos/aos-init.js]
[admin.pixelstrap.com/zeta/theme/AOS.html]
[admin.pixelstrap.com/zeta/assets/js/animation/tilt/tilt.jquery.js]
[admin.pixelstrap.com/zeta/assets/js/animation/tilt/tilt-custom.js]
[admin.pixelstrap.com/zeta/theme/tilt.html]
[admin.pixelstrap.com/zeta/assets/js/animation/wow/wow.min.js]
[admin.pixelstrap.com/zeta/assets/js/animation/wow/wow-init.js]
[admin.pixelstrap.com/zeta/theme/wow.html]
[admin.pixelstrap.com/zeta/assets/js/icons/icons-notify.js]
[admin.pixelstrap.com/zeta/assets/js/icons/flag-icon-clipart.js]
[admin.pixelstrap.com/zeta/theme/flag-icon.html]
[admin.pixelstrap.com/zeta/assets/js/icons/icon-clipart.js]
[admin.pixelstrap.com/zeta/theme/font-awesome.html]
[admin.pixelstrap.com/zeta/theme/ico-icon.html]
[admin.pixelstrap.com/zeta/theme/themify-icon.html]
[admin.pixelstrap.com/zeta/theme/feather-icon.html]
[admin.pixelstrap.com/zeta/assets/js/icons/whether-icon-clipart.js]
[admin.pixelstrap.com/zeta/theme/whether-icon.html]
[admin.pixelstrap.com/zeta/assets/js/button-tooltip-custom.js]
[admin.pixelstrap.com/zeta/theme/buttons.html]
[admin.pixelstrap.com/zeta/assets/js/chart/apex-chart/chart-custom.js]
[admin.pixelstrap.com/zeta/theme/chart-apex.html]
[admin.pixelstrap.com/zeta/assets/js/chart/google/google-chart-loader.js]
[admin.pixelstrap.com/zeta/assets/js/chart/google/google-chart.js]
[admin.pixelstrap.com/zeta/theme/chart-google.html]
[admin.pixelstrap.com/zeta/assets/js/chart/sparkline/sparkline.js]
[admin.pixelstrap.com/zeta/assets/js/chart/sparkline/sparkline-script.js]
[admin.pixelstrap.com/zeta/theme/chart-sparkline.html]
[admin.pixelstrap.com/zeta/assets/js/chart/flot-chart/excanvas.js]
[admin.pixelstrap.com/zeta/assets/js/chart/flot-chart/jquery.flot.js]
[admin.pixelstrap.com/zeta/assets/js/chart/flot-chart/jquery.flot.time.js]
[admin.pixelstrap.com/zeta/assets/js/chart/flot-chart/jquery.flot.categories.js]
[admin.pixelstrap.com/zeta/assets/js/chart/flot-chart/jquery.flot.stack.js]
[admin.pixelstrap.com/zeta/assets/js/chart/flot-chart/jquery.flot.pie.js]
[admin.pixelstrap.com/zeta/assets/js/chart/flot-chart/jquery.flot.symbol.js]
[admin.pixelstrap.com/zeta/assets/js/chart/flot-chart/flot-script.js]
[admin.pixelstrap.com/zeta/theme/chart-flot.html]
[admin.pixelstrap.com/zeta/theme/chart-knob.html]
[admin.pixelstrap.com/zeta/assets/js/chart/morris-chart/raphael.js]
[admin.pixelstrap.com/zeta/assets/js/chart/morris-chart/morris.js]
[admin.pixelstrap.com/zeta/assets/js/chart/morris-chart/prettify.min.js]
[admin.pixelstrap.com/zeta/assets/js/chart/morris-chart/morris-script.js]
[admin.pixelstrap.com/zeta/theme/chart-morris.html]
[admin.pixelstrap.com/zeta/assets/js/chart/chartjs/chart.custom.js]
[admin.pixelstrap.com/zeta/theme/chartjs.html]
[admin.pixelstrap.com/zeta/assets/js/chart/chartist/chartist-custom.js]
[admin.pixelstrap.com/zeta/theme/chartist.html]
[admin.pixelstrap.com/zeta/assets/js/chart/peity-chart/peity.jquery.js]
[admin.pixelstrap.com/zeta/assets/js/chart/peity-chart/peity-custom.js]
[admin.pixelstrap.com/zeta/theme/chart-peity.html]
[admin.pixelstrap.com/zeta/assets/images/logo/logo_dark.png]
[admin.pixelstrap.com/zeta/assets/images/landing/landing-home/home-bg.png]
[admin.pixelstrap.com/zeta/assets/images/landing/icon/html/html.png]
[admin.pixelstrap.com/zeta/assets/images/landing/icon/react/props_state.png]
[admin.pixelstrap.com/zeta/assets/images/landing/icon/django/django.png]
[admin.pixelstrap.com/zeta/assets/images/landing/icon/angular/angular.png]
[admin.pixelstrap.com/zeta/assets/images/landing/landing-home/1.png]
[admin.pixelstrap.com/zeta/assets/images/landing/landing-home/2.jpg]
[admin.pixelstrap.com/zeta/assets/images/landing/landing-home/3.jpg]
[admin.pixelstrap.com/zeta/assets/images/landing/landing-home/circle.png]
[admin.pixelstrap.com/zeta/assets/images/landing/landing-home/react-orange.png]
[admin.pixelstrap.com/zeta/assets/images/landing/landing-home/react-yellow.png]
[admin.pixelstrap.com/zeta/assets/images/landing/demo/default.jpg]
[admin.pixelstrap.com/zeta/assets/images/landing/demo/ecommerce.jpg]
[admin.pixelstrap.com/zeta/assets/images/landing/demo/crypto.jpg]
[admin.pixelstrap.com/zeta/assets/images/landing/application/1.jpg]
[admin.pixelstrap.com/zeta/assets/images/landing/application/2.jpg]
[admin.pixelstrap.com/zeta/assets/images/landing/application/3.jpg]
[admin.pixelstrap.com/zeta/assets/images/landing/application/4.jpg]
[admin.pixelstrap.com/zeta/assets/images/landing/application/5.jpg]
[admin.pixelstrap.com/zeta/assets/images/landing/application/6.jpg]
[admin.pixelstrap.com/zeta/assets/images/landing/application/7.jpg]
[admin.pixelstrap.com/zeta/assets/images/landing/application/8.jpg]
[admin.pixelstrap.com/zeta/assets/images/landing/application/9.jpg]
[admin.pixelstrap.com/zeta/assets/images/landing/application/10.jpg]
[admin.pixelstrap.com/zeta/assets/images/landing/application/11.jpg]
[admin.pixelstrap.com/zeta/assets/images/landing/application/12.jpg]
[admin.pixelstrap.com/zeta/assets/images/landing/icon/laravel/bootstrap.png]
[admin.pixelstrap.com/zeta/assets/images/landing/icon/html/css.png]
[admin.pixelstrap.com/zeta/assets/images/landing/icon/html/sass.png]
[admin.pixelstrap.com/zeta/assets/images/landing/icon/html/pug.png]
[admin.pixelstrap.com/zeta/assets/images/landing/icon/html/npm.png]
[admin.pixelstrap.com/zeta/assets/images/landing/icon/html/gulp.png]
[admin.pixelstrap.com/zeta/assets/images/landing/icon/html/kit.png]
[admin.pixelstrap.com/zeta/assets/images/landing/icon/html/uikits.png]
[admin.pixelstrap.com/zeta/assets/images/landing/icon/html/layout.png]
[admin.pixelstrap.com/zeta/assets/images/landing/icon/html/builders.png]
[admin.pixelstrap.com/zeta/assets/images/landing/icon/html/iconset.png]
[admin.pixelstrap.com/zeta/assets/images/landing/icon/html/forms.png]
[admin.pixelstrap.com/zeta/assets/images/landing/icon/html/table.png]
[admin.pixelstrap.com/zeta/assets/images/landing/icon/html/apps.png]
[admin.pixelstrap.com/zeta/assets/images/landing/icon/react/hook.png]
[admin.pixelstrap.com/zeta/assets/images/landing/icon/react/reactstrap.png]
[admin.pixelstrap.com/zeta/assets/images/landing/icon/react/noquery.png]
[admin.pixelstrap.com/zeta/assets/images/landing/icon/react/redux.png]
[admin.pixelstrap.com/zeta/assets/images/landing/icon/react/firebase.png]
[admin.pixelstrap.com/zeta/assets/images/landing/icon/react/crud.png]
[admin.pixelstrap.com/zeta/assets/images/landing/icon/react/chat.png]
[admin.pixelstrap.com/zeta/assets/images/landing/icon/react/animation.png]
[admin.pixelstrap.com/zeta/assets/images/landing/icon/react/reactrouter.png]
[admin.pixelstrap.com/zeta/assets/images/landing/icon/react/chart.png]
[admin.pixelstrap.com/zeta/assets/images/landing/icon/react/map.png]
[admin.pixelstrap.com/zeta/assets/images/landing/icon/react/gallery.png]
[admin.pixelstrap.com/zeta/assets/images/landing/icon/django/bootstrap.png]
[admin.pixelstrap.com/zeta/assets/images/landing/icon/django/firebase.png]
[admin.pixelstrap.com/zeta/assets/images/landing/icon/django/mix.png]
[admin.pixelstrap.com/zeta/assets/images/landing/icon/django/font-awesome.png]
[admin.pixelstrap.com/zeta/assets/images/landing/icon/django/animation.png]
[admin.pixelstrap.com/zeta/assets/images/landing/icon/django/slick.png]
[admin.pixelstrap.com/zeta/assets/images/landing/icon/django/apps.png]
[admin.pixelstrap.com/zeta/assets/images/landing/icon/django/gallery.png]
[admin.pixelstrap.com/zeta/assets/images/landing/icon/django/table.png]
[admin.pixelstrap.com/zeta/assets/images/landing/icon/django/layouts.png]
[admin.pixelstrap.com/zeta/assets/images/landing/icon/django/chart.png]
[admin.pixelstrap.com/zeta/assets/images/landing/icon/django/cusomize.png]
[admin.pixelstrap.com/zeta/assets/images/landing/icon/django/weather.png]
[admin.pixelstrap.com/zeta/assets/images/landing/icon/django/ico.png]
[admin.pixelstrap.com/zeta/assets/images/landing/icon/django/feather.png]
[admin.pixelstrap.com/zeta/assets/images/landing/icon/django/dropzone.png]
[admin.pixelstrap.com/zeta/assets/images/landing/icon/django/flag.png]
[admin.pixelstrap.com/zeta/assets/images/landing/icon/angular/1.png]
[admin.pixelstrap.com/zeta/assets/images/landing/icon/angular/2.png]
[admin.pixelstrap.com/zeta/assets/images/landing/icon/angular/4.png]
[admin.pixelstrap.com/zeta/assets/images/landing/icon/angular/5.png]
[admin.pixelstrap.com/zeta/assets/images/landing/icon/angular/6.png]
[admin.pixelstrap.com/zeta/assets/images/landing/icon/angular/7.png]
[admin.pixelstrap.com/zeta/assets/images/landing/icon/angular/8.png]
[admin.pixelstrap.com/zeta/assets/images/landing/icon/angular/9.png]
[admin.pixelstrap.com/zeta/assets/images/landing/icon/angular/10.png]
[admin.pixelstrap.com/zeta/assets/images/landing/icon/angular/11.png]
[admin.pixelstrap.com/zeta/assets/images/landing/icon/angular/12.png]
[admin.pixelstrap.com/zeta/assets/images/landing/icon/angular/13.png]
[admin.pixelstrap.com/zeta/assets/images/landing/icon/angular/14.png]
[admin.pixelstrap.com/zeta/assets/images/landing/demo/general.jpg]
[admin.pixelstrap.com/zeta/assets/images/landing/demo/chart.jpg]
[admin.pixelstrap.com/zeta/assets/images/landing/color-theme/1.jpg]
[admin.pixelstrap.com/zeta/assets/images/landing/color-theme/2.jpg]
[admin.pixelstrap.com/zeta/assets/images/landing/color-theme/3.jpg]
[admin.pixelstrap.com/zeta/assets/images/landing/color-theme/4.jpg]
[admin.pixelstrap.com/zeta/assets/images/landing/color-theme/5.jpg]
[admin.pixelstrap.com/zeta/assets/images/landing/color-theme/6.jpg]
[admin.pixelstrap.com/zeta/assets/images/logo/logo-icon.png]
[admin.pixelstrap.com/zeta/assets/js/landing_sticky.js]
[admin.pixelstrap.com/zeta/assets/js/landing.js]
[admin.pixelstrap.com/zeta/theme/landing-page.html]
[admin.pixelstrap.com/zeta/theme/sample-page.html]
[admin.pixelstrap.com/zeta/assets/js/internationalization/language-picker.js]
[admin.pixelstrap.com/zeta/theme/internationalization.html]
[admin.pixelstrap.com/zeta/theme/error-page1.html]
[admin.pixelstrap.com/zeta/theme/error-page2.html]
[admin.pixelstrap.com/zeta/theme/error-page3.html]
[admin.pixelstrap.com/zeta/theme/error-page4.html]
[admin.pixelstrap.com/zeta/assets/images/login/2.jpg]
[admin.pixelstrap.com/zeta/theme/login_one.html]
[admin.pixelstrap.com/zeta/assets/images/login/3.jpg]
[admin.pixelstrap.com/zeta/theme/login_two.html]
[admin.pixelstrap.com/zeta/assets/images/login/1.jpg]
[admin.pixelstrap.com/zeta/theme/login-bs-validation.html]
[admin.pixelstrap.com/zeta/theme/login-bs-tt-validation.html]
[admin.pixelstrap.com/zeta/theme/login-sa-validation.html]
[admin.pixelstrap.com/zeta/theme/sign-up.html]
[admin.pixelstrap.com/zeta/theme/sign-up-one.html]
[admin.pixelstrap.com/zeta/theme/sign-up-two.html]
[admin.pixelstrap.com/zeta/theme/unlock.html]
[admin.pixelstrap.com/zeta/theme/forget-password.html]
[admin.pixelstrap.com/zeta/theme/creat-password.html]
[admin.pixelstrap.com/zeta/theme/maintenance.html]
[admin.pixelstrap.com/zeta/assets/js/countdown.js]
[admin.pixelstrap.com/zeta/theme/comingsoon.html]
[admin.pixelstrap.com/zeta/theme/comingsoon-bg-img.html]
[admin.pixelstrap.com/zeta/theme/basic-template.html]
[admin.pixelstrap.com/zeta/assets/images/favicon-icon.png]
[admin.pixelstrap.com/zeta/theme/email-header.html]
[admin.pixelstrap.com/zeta/assets/images/email-template/slider.jpg]
[admin.pixelstrap.com/zeta/assets/images/email-template/7.jpg]
[admin.pixelstrap.com/zeta/assets/images/email-template/8.jpg]
[admin.pixelstrap.com/zeta/assets/images/email-template/banner.jpg]
[admin.pixelstrap.com/zeta/assets/images/email-template/banner-2.jpg]
[admin.pixelstrap.com/zeta/assets/images/email-template/10.jpg]
[admin.pixelstrap.com/zeta/assets/images/email-template/11.jpg]
[admin.pixelstrap.com/zeta/assets/images/email-template/12.jpg]
[admin.pixelstrap.com/zeta/assets/images/email-template/facebook.png]
[admin.pixelstrap.com/zeta/assets/images/email-template/youtube.png]
[admin.pixelstrap.com/zeta/assets/images/email-template/twitter.png]
[admin.pixelstrap.com/zeta/assets/images/email-template/gplus.png]
[admin.pixelstrap.com/zeta/assets/images/email-template/linkedin.png]
[admin.pixelstrap.com/zeta/assets/images/email-template/pinterest.png]
[admin.pixelstrap.com/zeta/theme/template-email-2.html]
[admin.pixelstrap.com/zeta/assets/images/email-template/delivery-2.png]
[admin.pixelstrap.com/zeta/assets/images/email-template/space.jpg]
[admin.pixelstrap.com/zeta/assets/images/email-template/4.png]
[admin.pixelstrap.com/zeta/assets/images/email-template/1.png]
[admin.pixelstrap.com/zeta/theme/ecommerce-templates.html]
[admin.pixelstrap.com/zeta/assets/images/email-template/delivery.png]
[admin.pixelstrap.com/zeta/assets/images/email-template/success.png]
[admin.pixelstrap.com/zeta/assets/images/email-template/order-success.png]
[admin.pixelstrap.com/zeta/theme/email-order-success.html]
[admin.pixelstrap.com/zeta/theme/gallery.html]
[admin.pixelstrap.com/zeta/theme/gallery-with-description.html]
[admin.pixelstrap.com/zeta/assets/js/masonry-gallery.js]
[admin.pixelstrap.com/zeta/theme/gallery-masonry.html]
[admin.pixelstrap.com/zeta/theme/masonry-gallery-with-disc.html]
[admin.pixelstrap.com/zeta/theme/gallery-hover.html]
[admin.pixelstrap.com/zeta/assets/images/blog/blog-2.jpg]
[admin.pixelstrap.com/zeta/assets/images/blog/blog-3.jpg]
[admin.pixelstrap.com/zeta/assets/images/blog/blog-5.jpg]
[admin.pixelstrap.com/zeta/assets/images/blog/blog-6.jpg]
[admin.pixelstrap.com/zeta/theme/blog.html]
[admin.pixelstrap.com/zeta/assets/images/blog/blog-single.jpg]
[admin.pixelstrap.com/zeta/assets/images/blog/comment.jpg]
[admin.pixelstrap.com/zeta/assets/images/blog/9.jpg]
[admin.pixelstrap.com/zeta/assets/images/blog/4.jpg]
[admin.pixelstrap.com/zeta/assets/images/blog/12.png]
[admin.pixelstrap.com/zeta/assets/images/blog/14.png]
[admin.pixelstrap.com/zeta/theme/blog-single.html]
[admin.pixelstrap.com/zeta/theme/add-post.html]
[admin.pixelstrap.com/zeta/assets/images/faq/1.jpg]
[admin.pixelstrap.com/zeta/assets/images/faq/2.jpg]
[admin.pixelstrap.com/zeta/assets/images/faq/3.jpg]
[admin.pixelstrap.com/zeta/assets/images/faq/4.jpg]
[admin.pixelstrap.com/zeta/theme/faq.html]
[admin.pixelstrap.com/zeta/assets/images/job-search/1.jpg]
[admin.pixelstrap.com/zeta/assets/images/job-search/2.jpg]
[admin.pixelstrap.com/zeta/assets/images/job-search/3.jpg]
[admin.pixelstrap.com/zeta/assets/images/job-search/4.jpg]
[admin.pixelstrap.com/zeta/assets/images/job-search/5.jpg]
[admin.pixelstrap.com/zeta/assets/images/job-search/6.jpg]
[admin.pixelstrap.com/zeta/theme/job-cards-view.html]
[admin.pixelstrap.com/zeta/theme/job-list-view.html]
[admin.pixelstrap.com/zeta/theme/job-details.html]
[admin.pixelstrap.com/zeta/theme/job-apply.html]
[admin.pixelstrap.com/zeta/theme/learning-list-view.html]
[admin.pixelstrap.com/zeta/assets/images/faq/learning-1.jpg]
[admin.pixelstrap.com/zeta/theme/learning-detailed.html]
[admin.pixelstrap.com/zeta/assets/js/map-js/mapsjs-core.js]
[admin.pixelstrap.com/zeta/assets/js/map-js/mapsjs-service.js]
[admin.pixelstrap.com/zeta/assets/js/map-js/mapsjs-ui.js]
[admin.pixelstrap.com/zeta/assets/js/map-js/mapsjs-mapevents.js]
[admin.pixelstrap.com/zeta/assets/js/map-js/custom.js]
[admin.pixelstrap.com/zeta/theme/map-js.html]
[admin.pixelstrap.com/zeta/assets/js/vector-map/jquery-jvectormap-2.0.2.min.js]
[admin.pixelstrap.com/zeta/assets/js/vector-map/map/jquery-jvectormap-world-mill-en.js]
[admin.pixelstrap.com/zeta/assets/js/vector-map/map/jquery-jvectormap-us-aea-en.js]
[admin.pixelstrap.com/zeta/assets/js/vector-map/map/jquery-jvectormap-uk-mill-en.js]
[admin.pixelstrap.com/zeta/assets/js/vector-map/map/jquery-jvectormap-au-mill.js]
[admin.pixelstrap.com/zeta/assets/js/vector-map/map/jquery-jvectormap-chicago-mill-en.js]
[admin.pixelstrap.com/zeta/assets/js/vector-map/map/jquery-jvectormap-in-mill.js]
[admin.pixelstrap.com/zeta/assets/js/vector-map/map/jquery-jvectormap-asia-mill.js]
[admin.pixelstrap.com/zeta/assets/js/vector-map/map-vector.js]
[admin.pixelstrap.com/zeta/theme/vector-map.html]
[admin.pixelstrap.com/zeta/assets/js/editor/summernote/summernote.js]
[admin.pixelstrap.com/zeta/assets/js/editor/summernote/summernote.custom.js]
[admin.pixelstrap.com/zeta/theme/summernote.html]
[admin.pixelstrap.com/zeta/assets/js/editor/ckeditor/styles.js]
[admin.pixelstrap.com/zeta/assets/js/editor/ckeditor/ckeditor.custom.js]
[admin.pixelstrap.com/zeta/theme/ckeditor.html]
[admin.pixelstrap.com/zeta/assets/js/editor/simple-mde/simplemde.min.js]
[admin.pixelstrap.com/zeta/assets/js/editor/simple-mde/simplemde.custom.js]
[admin.pixelstrap.com/zeta/theme/simple-MDE.html]
[admin.pixelstrap.com/zeta/assets/js/editor/ace-editor/ace.js]
[admin.pixelstrap.com/zeta/assets/js/editor/ace-editor/ace-custom.js]
[admin.pixelstrap.com/zeta/assets/js/editor/ace-editor/mode-css.js]
[admin.pixelstrap.com/zeta/assets/js/editor/ace-editor/mode-html.js]
[admin.pixelstrap.com/zeta/assets/js/editor/ace-editor/mode-javascript.js]
[admin.pixelstrap.com/zeta/assets/js/editor/ace-editor/mode-php.js]
[admin.pixelstrap.com/zeta/assets/js/editor/ace-editor/theme-monokai.js]
[admin.pixelstrap.com/zeta/assets/js/editor/ace-editor/worker-css.js]
[admin.pixelstrap.com/zeta/assets/js/editor/ace-editor/worker-html.js]
[admin.pixelstrap.com/zeta/assets/js/editor/ace-editor/worker-javascript.js]
[admin.pixelstrap.com/zeta/assets/js/editor/ace-editor/worker-php.js]
[admin.pixelstrap.com/zeta/theme/ace-code-editor.html]
[admin.pixelstrap.com/zeta/assets/images/knowledgebase/bg_1.jpg]
[admin.pixelstrap.com/zeta/theme/knowledgebase.html]
[admin.pixelstrap.com/zeta/theme/knowledge-category.html]
[admin.pixelstrap.com/zeta/assets/images/knowledgebase/1.jpg]
[admin.pixelstrap.com/zeta/theme/knowledge-detail.html]
[admin.pixelstrap.com/zeta/assets/images/user/9.jpg]
[admin.pixelstrap.com/zeta/assets/js/support-ticket-custom.js]
[admin.pixelstrap.com/zeta/theme/support-ticket.html]
[admin.pixelstrap.com/zeta/assets/css/vendors/preloader.html]
[admin.pixelstrap.com/zeta/assets/images/details_close.html]
[admin.pixelstrap.com/zeta/assets/css/vendors/select2.css]
[admin.pixelstrap.com/zeta/assets/css/vendors/owlcarousel.css]
[admin.pixelstrap.com/zeta/assets/images/range-slider/sprite-skin-modern.png]
[admin.pixelstrap.com/zeta/assets/css/vendors/range-slider.css]
[admin.pixelstrap.com/zeta/assets/images/sort_both.png]
[admin.pixelstrap.com/zeta/assets/images/sort_asc.png]
[admin.pixelstrap.com/zeta/assets/images/sort_desc.png]
[admin.pixelstrap.com/zeta/assets/images/sort_asc_disabled.png]
[admin.pixelstrap.com/zeta/assets/images/sort_desc_disabled.png]
[admin.pixelstrap.com/zeta/assets/css/vendors/datatables.css]
[admin.pixelstrap.com/zeta/assets/css/vendors/jkanban.css]
[admin.pixelstrap.com/zeta/assets/css/vendors/chartist.css]
[admin.pixelstrap.com/zeta/assets/css/vendors/prism.css]
[admin.pixelstrap.com/zeta/assets/css/vendors/whether-icon.css]
[admin.pixelstrap.com/zeta/assets/css/vendors/dropzone.css]
[admin.pixelstrap.com/zeta/assets/images/ajax-loader.gif]
[admin.pixelstrap.com/zeta/assets/css/vendors/slick-theme.css]
[admin.pixelstrap.com/zeta/assets/css/vendors/slick.css]
[admin.pixelstrap.com/zeta/assets/css/vendors/rating.css]
[admin.pixelstrap.com/zeta/assets/css/vendors/sweetalert2.css]
[admin.pixelstrap.com/zeta/assets/js/task/custom.js]
[admin.pixelstrap.com/zeta/assets/css/vendors/calendar.css]
[admin.pixelstrap.com/zeta/assets/css/vendors/todo.css]
[admin.pixelstrap.com/zeta/assets/css/vendors/timepicker.css]
[admin.pixelstrap.com/zeta/assets/css/vendors/daterange-picker.css]
[admin.pixelstrap.com/zeta/assets/css/vendors/datatable-extension.css]
[admin.pixelstrap.com/zeta/assets/images/js-grid.png]
[admin.pixelstrap.com/zeta/assets/css/vendors/jsgrid.css]
[admin.pixelstrap.com/zeta/assets/css/vendors/scrollable.css]
[admin.pixelstrap.com/zeta/assets/images/tree/throbber.gif]
[admin.pixelstrap.com/zeta/assets/images/tree/32px.png]
[admin.pixelstrap.com/zeta/assets/css/vendors/tree.css]
[admin.pixelstrap.com/zeta/assets/css/vendors/tour.css]
[admin.pixelstrap.com/zeta/assets/css/vendors/image-cropper.css]
[admin.pixelstrap.com/zeta/theme/cropped.html]
[admin.pixelstrap.com/zeta/assets/css/vendors/sticky.css]
[admin.pixelstrap.com/zeta/assets/css/vendors/page-builder.css]
[admin.pixelstrap.com/zeta/assets/images/button_builder/select.png]
[admin.pixelstrap.com/zeta/assets/images/button_builder/checkbox-sprite.png]
[admin.pixelstrap.com/zeta/assets/images/button_builder/hex_bg.gif]
[admin.pixelstrap.com/zeta/assets/images/button_builder/rainbow.png]
[admin.pixelstrap.com/zeta/assets/images/button_builder/scroll.png]
[admin.pixelstrap.com/zeta/assets/css/vendors/button-builder.css]
[admin.pixelstrap.com/zeta/assets/css/vendors/aos.css]
[admin.pixelstrap.com/zeta/assets/css/vendors/mapsjs-ui.css]
[admin.pixelstrap.com/zeta/assets/css/vendors/vector-map.css]
[admin.pixelstrap.com/zeta/assets/css/vendors/summernote.css]
[admin.pixelstrap.com/zeta/assets/css/vendors/simple-mde.css]
[admin.pixelstrap.com/zeta/assets/css/vendors/dropzone-spritemap.html]
[admin.pixelstrap.com/zeta/assets/css/vendors/${file-1x}.html]
[admin.pixelstrap.com/zeta/assets/css/vendors/${file-2x}.html]
[admin.pixelstrap.com/zeta/assets/css/images/tree/32px.html]
[admin.pixelstrap.com/zeta/assets/css/images/tree/40px.html]
[admin.pixelstrap.com/zeta/assets/images/icon-tree.html]
[admin.pixelstrap.com/zeta/assets/images/tree-1.html]
[admin.pixelstrap.com/zeta/assets/css/images/button_builder/colorpicker_overlay.html]
[admin.pixelstrap.com/zeta/assets/css/images/button_builder/colorpicker_select.html]
